{"level":"error","message":"ReferenceError: next is not defined\n    at D:\\SOCIAL-MEDIA-MICROSERVICES\\api-gateway\\src\\server.js:28:5\n    at Layer.handleRequest (D:\\SOCIAL-MEDIA-MICROSERVICES\\api-gateway\\node_modules\\router\\lib\\layer.js:152:17)\n    at trimPrefix (D:\\SOCIAL-MEDIA-MICROSERVICES\\api-gateway\\node_modules\\router\\index.js:342:13)\n    at D:\\SOCIAL-MEDIA-MICROSERVICES\\api-gateway\\node_modules\\router\\index.js:297:9\n    at processParams (D:\\SOCIAL-MEDIA-MICROSERVICES\\api-gateway\\node_modules\\router\\index.js:582:12)\n    at next (D:\\SOCIAL-MEDIA-MICROSERVICES\\api-gateway\\node_modules\\router\\index.js:291:5)\n    at D:\\SOCIAL-MEDIA-MICROSERVICES\\api-gateway\\node_modules\\body-parser\\lib\\read.js:132:5\n    at AsyncResource.runInAsyncScope (node:async_hooks:206:9)\n    at invokeCallback (D:\\SOCIAL-MEDIA-MICROSERVICES\\api-gateway\\node_modules\\raw-body\\index.js:238:16)\n    at done (D:\\SOCIAL-MEDIA-MICROSERVICES\\api-gateway\\node_modules\\raw-body\\index.js:227:7)","service":"api-gateway","timestamp":"2025-04-22T08:23:50.818Z"}
{"level":"error","message":"Proxy error: ","service":"api-gateway","timestamp":"2025-04-22T08:28:41.127Z"}
{"level":"error","message":"Proxy error: ","service":"api-gateway","timestamp":"2025-04-26T18:47:20.364Z"}
{"level":"error","message":"Proxy error: Cannot set properties of undefined (setting 'Content-Type')","service":"api-gateway","timestamp":"2025-04-26T18:50:57.587Z"}
{"level":"error","message":"Proxy error: Cannot set properties of undefined (setting 'Content-Type')","service":"api-gateway","timestamp":"2025-04-26T18:51:10.126Z"}
{"level":"error","message":"Proxy error: Cannot set properties of undefined (setting 'Content-Type')","service":"api-gateway","timestamp":"2025-04-26T18:52:06.530Z"}
{"level":"error","message":"Proxy error: Cannot set properties of undefined (setting 'Content-Type')","service":"api-gateway","timestamp":"2025-04-27T10:37:45.720Z"}
{"level":"error","message":"Proxy error: Cannot set properties of undefined (setting 'Content-Type')","service":"api-gateway","timestamp":"2025-04-27T10:38:49.004Z"}
{"level":"error","message":"Proxy error: Cannot set properties of undefined (setting 'Content-Type')","service":"api-gateway","timestamp":"2025-04-27T10:43:17.727Z"}
{"level":"error","message":"Proxy error: Cannot set properties of undefined (setting 'Content-Type')","service":"api-gateway","timestamp":"2025-04-27T10:44:19.698Z"}
{"level":"error","message":"Proxy error: Cannot set properties of undefined (setting 'Content-Type')","service":"api-gateway","timestamp":"2025-04-27T10:44:56.030Z"}
{"level":"error","message":"Proxy error: Cannot set properties of undefined (setting 'Content-Type')","service":"api-gateway","timestamp":"2025-04-27T10:49:04.453Z"}
{"level":"error","message":"Proxy error: Cannot set properties of undefined (setting 'Content-Type')","service":"api-gateway","timestamp":"2025-04-27T10:49:07.283Z"}
{"level":"error","message":"Proxy error: Cannot set properties of undefined (setting 'Content-Type')","service":"api-gateway","timestamp":"2025-04-27T10:59:41.781Z"}
{"level":"error","message":"Proxy error: Cannot set properties of undefined (setting 'Content-Type')","service":"api-gateway","timestamp":"2025-04-27T11:04:24.065Z"}
{"level":"error","message":"Proxy error: Cannot set properties of undefined (setting 'Content-Type')","service":"api-gateway","timestamp":"2025-04-27T11:10:31.129Z"}
{"level":"error","message":"Proxy error: Cannot set properties of undefined (setting 'Content-Type')","service":"api-gateway","timestamp":"2025-04-27T11:11:21.473Z"}
{"level":"error","message":"Proxy error: Cannot set properties of undefined (setting 'Content-Type')","service":"api-gateway","timestamp":"2025-04-27T11:20:12.143Z"}
{"level":"error","message":"Proxy error: ","service":"api-gateway","timestamp":"2025-04-27T15:11:49.410Z"}
{"level":"error","message":"Proxy error: ","service":"api-gateway","timestamp":"2025-04-27T15:11:58.130Z"}
{"level":"error","message":"Proxy error: Cannot set properties of undefined (setting 'Content-Type')","service":"api-gateway","timestamp":"2025-04-27T15:23:35.386Z"}
{"level":"error","message":"Proxy error: Cannot set properties of undefined (setting 'Content-Type')","service":"api-gateway","timestamp":"2025-04-27T15:32:31.039Z"}
{"level":"error","message":"Proxy error: Cannot set properties of undefined (setting 'Content-Type')","service":"api-gateway","timestamp":"2025-04-27T15:33:03.316Z"}
{"level":"error","message":"Proxy error: Cannot set properties of undefined (setting 'Content-Type')","service":"api-gateway","timestamp":"2025-04-27T15:37:17.490Z"}
{"level":"error","message":"Proxy error: Cannot set properties of undefined (setting 'Content-Type')","service":"api-gateway","timestamp":"2025-04-27T15:37:21.128Z"}
{"level":"error","message":"Proxy error: Cannot set properties of undefined (setting 'Content-Type')","service":"api-gateway","timestamp":"2025-04-27T15:38:47.960Z"}
{"level":"error","message":"Proxy error: Cannot set properties of undefined (setting 'Content-Type')","service":"api-gateway","timestamp":"2025-04-27T15:41:22.760Z"}
{"level":"error","message":"Proxy error: Cannot set properties of undefined (setting 'Content-Type')","service":"api-gateway","timestamp":"2025-04-28T20:56:21.494Z"}
{"level":"error","message":"Proxy error: Cannot set properties of undefined (setting 'Content-Type')","service":"api-gateway","timestamp":"2025-04-28T21:00:35.482Z"}
{"level":"error","message":"Proxy error: Cannot set properties of undefined (setting 'Content-Type')","service":"api-gateway","timestamp":"2025-04-28T21:04:31.549Z"}
{"level":"error","message":"Proxy error: Cannot set properties of undefined (setting 'Content-Type')","service":"api-gateway","timestamp":"2025-04-28T21:04:34.181Z"}
{"level":"error","message":"Proxy error: Cannot set properties of undefined (setting 'Content-Type')","service":"api-gateway","timestamp":"2025-04-29T16:15:43.642Z"}
{"level":"error","message":"Proxy error: Cannot set properties of undefined (setting 'Content-Type')","service":"api-gateway","timestamp":"2025-04-30T16:42:27.664Z"}
{"level":"error","message":"Proxy error: Cannot set properties of undefined (setting 'Content-Type')","service":"api-gateway","timestamp":"2025-04-30T16:44:50.712Z"}
{"level":"error","message":"Proxy error: Cannot set properties of undefined (setting 'Content-Type')","service":"api-gateway","timestamp":"2025-04-30T16:48:07.674Z"}
{"level":"error","message":"Proxy error: Cannot set properties of undefined (setting 'Content-Type')","service":"api-gateway","timestamp":"2025-04-30T16:55:43.172Z"}
{"level":"error","message":"Proxy error: Cannot set properties of undefined (setting 'Content-Type')","service":"api-gateway","timestamp":"2025-04-30T17:00:20.975Z"}
{"level":"error","message":"Proxy error: Cannot set properties of undefined (setting 'Content-Type')","service":"api-gateway","timestamp":"2025-04-30T17:00:24.788Z"}
{"level":"error","message":"Proxy error: Cannot set properties of undefined (setting 'x-user-id')","service":"api-gateway","timestamp":"2025-04-30T17:08:51.247Z"}
{"level":"error","message":"Proxy error: Cannot read properties of undefined (reading 'userId')","service":"api-gateway","timestamp":"2025-04-30T17:11:25.578Z"}
{"level":"error","message":"Proxy error: Cannot read properties of undefined (reading 'userId')","service":"api-gateway","timestamp":"2025-04-30T17:16:41.044Z"}
{"level":"error","message":"Proxy error: Cannot read properties of undefined (reading 'userId')","service":"api-gateway","timestamp":"2025-04-30T17:17:39.812Z"}
{"level":"error","message":"Proxy error: Cannot read properties of undefined (reading 'userId')","service":"api-gateway","timestamp":"2025-04-30T17:17:43.775Z"}
{"level":"error","message":"Proxy error: Cannot read properties of undefined (reading 'userId')","service":"api-gateway","timestamp":"2025-04-30T17:21:13.679Z"}
{"level":"error","message":"Proxy error: Cannot read properties of undefined (reading 'userId')","service":"api-gateway","timestamp":"2025-04-30T17:24:16.458Z"}
{"level":"error","message":"Proxy error: Cannot read properties of undefined (reading 'userId')","service":"api-gateway","timestamp":"2025-04-30T17:24:19.438Z"}
{"level":"error","message":"Proxy error: Cannot read properties of undefined (reading 'userId')","service":"api-gateway","timestamp":"2025-04-30T17:45:48.427Z"}
{"level":"error","message":"Proxy error: Cannot read properties of undefined (reading 'userId')","service":"api-gateway","timestamp":"2025-04-30T17:45:52.327Z"}
{"level":"error","message":"Proxy error: Cannot read properties of undefined (reading 'userId')","service":"api-gateway","timestamp":"2025-04-30T17:46:34.592Z"}
{"level":"error","message":"Proxy error: Cannot read properties of undefined (reading 'userId')","service":"api-gateway","timestamp":"2025-04-30T17:48:35.101Z"}
{"level":"error","message":"Proxy error: Cannot read properties of undefined (reading 'userIk')","service":"api-gateway","timestamp":"2025-04-30T17:48:57.748Z"}
{"level":"error","message":"Proxy error: Invalid value \"undefined\" for header \"x-user-id\"","service":"api-gateway","timestamp":"2025-04-30T17:58:32.058Z"}
{"level":"error","message":"Proxy error: Cannot read properties of undefined (reading 'userId')","service":"api-gateway","timestamp":"2025-04-30T18:00:04.101Z"}
{"level":"error","message":"Proxy error: Cannot read properties of undefined (reading 'userId')","service":"api-gateway","timestamp":"2025-04-30T18:02:19.679Z"}
{"level":"error","message":"Proxy error: Cannot read properties of undefined (reading 'userId')","service":"api-gateway","timestamp":"2025-04-30T18:02:23.171Z"}
{"level":"error","message":"Proxy error: Cannot read properties of undefined (reading 'userId')","service":"api-gateway","timestamp":"2025-05-01T06:21:39.861Z"}
{"level":"error","message":"Proxy error: Cannot read properties of undefined (reading 'userId')","service":"api-gateway","timestamp":"2025-05-01T06:21:44.144Z"}
{"level":"error","message":"Proxy error: Cannot read properties of undefined (reading 'userId')","service":"api-gateway","timestamp":"2025-05-01T06:21:46.272Z"}
{"level":"error","message":"Proxy error: Cannot set properties of undefined (setting 'x-user-id')","service":"api-gateway","timestamp":"2025-05-01T06:23:47.978Z"}
{"level":"error","message":"Proxy error: Cannot set properties of undefined (setting 'Content-Type')","service":"api-gateway","timestamp":"2025-05-01T06:24:17.647Z"}
{"level":"error","message":"Proxy error: Cannot read properties of null (reading 'headers')","service":"api-gateway","timestamp":"2025-05-08T11:28:57.754Z"}
{"level":"error","message":"Proxy error: Cannot read properties of null (reading 'headers')","service":"api-gateway","timestamp":"2025-05-08T11:29:52.490Z"}
{"level":"error","message":"Proxy error: Cannot read properties of null (reading 'headers')","service":"api-gateway","timestamp":"2025-05-08T11:33:56.182Z"}
{"level":"error","message":"Proxy error: Cannot read properties of null (reading 'header')","service":"api-gateway","timestamp":"2025-05-08T11:34:15.630Z"}
{"level":"error","message":"Proxy error: Cannot read properties of null (reading 'headers')","service":"api-gateway","timestamp":"2025-05-08T11:34:49.285Z"}
{"level":"error","message":"Proxy error: Cannot read properties of undefined (reading 'startsWith')","service":"api-gateway","timestamp":"2025-05-08T11:37:44.274Z"}
{"level":"error","message":"Proxy error: Cannot read properties of undefined (reading 'startsWith')","service":"api-gateway","timestamp":"2025-05-08T11:38:32.006Z"}
{"level":"error","message":"Proxy error: Cannot read properties of undefined (reading 'startsWith')","service":"api-gateway","timestamp":"2025-05-08T11:39:02.119Z"}
{"level":"error","message":"Proxy error: Cannot read properties of undefined (reading 'startsWith')","service":"api-gateway","timestamp":"2025-05-08T11:39:05.944Z"}
{"level":"error","message":"Proxy error: Cannot read properties of undefined (reading 'startsWith')","service":"api-gateway","timestamp":"2025-05-08T11:43:18.010Z"}
{"level":"error","message":"Proxy error: Cannot read properties of undefined (reading 'startsWith')","service":"api-gateway","timestamp":"2025-05-08T11:43:20.970Z"}
{"level":"error","message":"Proxy error: Cannot read properties of undefined (reading 'startsWith')","service":"api-gateway","timestamp":"2025-05-08T11:46:05.103Z"}
{"level":"error","message":"Proxy error: Cannot read properties of undefined (reading 'startsWith')","service":"api-gateway","timestamp":"2025-05-08T11:50:09.824Z"}
{"level":"error","message":"Proxy error: Cannot read properties of undefined (reading 'startsWith')","service":"api-gateway","timestamp":"2025-05-08T17:08:40.654Z"}
{"level":"error","message":"Proxy error: Cannot read properties of undefined (reading 'startsWith')","service":"api-gateway","timestamp":"2025-05-08T17:13:14.627Z"}
{"level":"error","message":"Proxy error: Cannot read properties of undefined (reading 'startsWith')","service":"api-gateway","timestamp":"2025-05-08T17:15:12.298Z"}
{"level":"error","message":"Proxy error: ","service":"api-gateway","timestamp":"2025-05-08T17:23:55.631Z"}
{"level":"error","message":"Proxy error: ","service":"api-gateway","timestamp":"2025-05-08T17:24:57.002Z"}
{"level":"error","message":"Proxy error: ","service":"api-gateway","timestamp":"2025-05-08T17:26:22.326Z"}
{"level":"error","message":"Proxy error: ","service":"api-gateway","timestamp":"2025-05-08T17:27:50.220Z"}
{"level":"error","message":"Proxy error: ","service":"api-gateway","timestamp":"2025-05-08T17:28:40.065Z"}
{"level":"error","message":"Proxy error: ","service":"api-gateway","timestamp":"2025-05-08T17:29:25.741Z"}
{"level":"error","message":"Proxy error: ","service":"api-gateway","timestamp":"2025-05-08T17:29:28.949Z"}
{"level":"error","message":"Proxy error: Cannot read properties of undefined (reading 'startsWith')","service":"api-gateway","timestamp":"2025-05-08T17:30:53.851Z"}
{"level":"error","message":"Proxy error: Cannot read properties of undefined (reading 'startsWith')","service":"api-gateway","timestamp":"2025-05-08T19:16:31.610Z"}
{"level":"error","message":"Proxy error: Cannot read properties of undefined (reading 'startsWith')","service":"api-gateway","timestamp":"2025-05-08T19:19:07.500Z"}
{"level":"error","message":"Proxy error: Cannot read properties of undefined (reading 'startsWith')","service":"api-gateway","timestamp":"2025-05-08T19:35:19.020Z"}
{"level":"error","message":"Proxy error: Cannot read properties of undefined (reading 'startsWith')","service":"api-gateway","timestamp":"2025-05-08T19:36:52.428Z"}
{"level":"error","message":"Proxy error: Cannot read properties of undefined (reading 'startsWith')","service":"api-gateway","timestamp":"2025-05-08T19:36:55.504Z"}
{"level":"error","message":"Proxy error: Cannot read properties of undefined (reading 'startsWith')","service":"api-gateway","timestamp":"2025-05-08T19:39:28.103Z"}
{"level":"error","message":"Proxy error: Cannot read properties of undefined (reading 'startsWith')","service":"api-gateway","timestamp":"2025-05-08T19:39:53.188Z"}
{"level":"error","message":"Proxy error: Cannot read properties of undefined (reading 'startsWith')","service":"api-gateway","timestamp":"2025-05-08T19:40:01.306Z"}
{"level":"error","message":"Proxy error: Cannot read properties of undefined (reading 'startsWith')","service":"api-gateway","timestamp":"2025-05-08T19:41:29.798Z"}
{"level":"error","message":"Proxy error: Cannot read properties of undefined (reading 'startsWith')","service":"api-gateway","timestamp":"2025-05-08T19:42:50.336Z"}
{"level":"error","message":"Proxy error: Cannot read properties of undefined (reading 'startsWith')","service":"api-gateway","timestamp":"2025-05-08T19:43:17.751Z"}
{"level":"error","message":"Proxy error: request entity too large","service":"api-gateway","timestamp":"2025-05-08T19:45:24.540Z"}
{"level":"error","message":"Proxy error: Cannot read properties of undefined (reading 'startsWith')","service":"api-gateway","timestamp":"2025-05-08T19:46:29.121Z"}
{"level":"error","message":"Proxy error: Cannot read properties of undefined (reading 'startsWit')","service":"api-gateway","timestamp":"2025-05-08T19:47:56.267Z"}
{"level":"error","message":"Proxy error: Cannot read properties of undefined (reading 'startWith')","service":"api-gateway","timestamp":"2025-05-08T19:55:17.542Z"}
{"level":"error","message":"Proxy error: Cannot read properties of undefined (reading 'startstWith')","service":"api-gateway","timestamp":"2025-05-08T19:55:40.467Z"}
{"level":"error","message":"Proxy error: Cannot read properties of undefined (reading 'startstWith')","service":"api-gateway","timestamp":"2025-05-08T19:56:09.673Z"}
{"level":"error","message":"Proxy error: Cannot read properties of undefined (reading 'startstWith')","service":"api-gateway","timestamp":"2025-05-08T19:57:19.634Z"}
{"level":"error","message":"Proxy error: Cannot read properties of undefined (reading 'startstWith')","service":"api-gateway","timestamp":"2025-05-08T19:57:47.248Z"}
{"level":"error","message":"Proxy error: srcReq.headers.content-type.startstWith is not a function","service":"api-gateway","timestamp":"2025-05-08T19:59:22.192Z"}
{"level":"error","message":"Proxy error: Cannot read properties of undefined (reading 'startstWith')","service":"api-gateway","timestamp":"2025-05-08T20:00:11.721Z"}
{"level":"error","message":"Proxy error: Cannot read properties of undefined (reading 'startstWith')","service":"api-gateway","timestamp":"2025-05-08T20:00:29.359Z"}
{"level":"error","message":"Proxy error: Cannot read properties of undefined (reading 'startstWith')","service":"api-gateway","timestamp":"2025-05-08T20:00:31.720Z"}
{"level":"error","message":"Proxy error: Cannot read properties of undefined (reading 'startstWith')","service":"api-gateway","timestamp":"2025-05-08T20:00:49.740Z"}
{"level":"error","message":"Proxy error: Cannot read properties of undefined (reading 'startstWith')","service":"api-gateway","timestamp":"2025-05-08T20:01:29.248Z"}
{"level":"error","message":"Proxy error: Cannot read properties of undefined (reading 'startstWith')","service":"api-gateway","timestamp":"2025-05-08T20:01:32.217Z"}
{"level":"error","message":"Proxy error: Cannot read properties of undefined (reading 'startstWith')","service":"api-gateway","timestamp":"2025-05-09T11:58:31.613Z"}
{"level":"error","message":"Proxy error: Cannot read properties of undefined (reading 'startstWith')","service":"api-gateway","timestamp":"2025-05-09T12:02:57.845Z"}
{"level":"error","message":"Proxy error: read ECONNRESET","service":"api-gateway","timestamp":"2025-05-09T12:25:51.895Z"}
{"level":"error","message":"Proxy error: write ECONNABORTED","service":"api-gateway","timestamp":"2025-05-09T12:26:04.765Z"}
{"level":"error","message":"Proxy error: Cannot read properties of undefined (reading 'startstWith')","service":"api-gateway","timestamp":"2025-05-09T12:30:26.573Z"}
{"level":"error","message":"Proxy error: write ECONNABORTED","service":"api-gateway","timestamp":"2025-05-09T12:34:45.181Z"}
{"level":"error","message":"Proxy error: Cannot read properties of undefined (reading 'startstWith')","service":"api-gateway","timestamp":"2025-05-09T12:36:49.529Z"}
{"level":"error","message":"Proxy error: ","service":"api-gateway","timestamp":"2025-05-09T15:52:59.191Z"}
{"level":"error","message":"Proxy error: Cannot read properties of undefined (reading 'userId')","service":"api-gateway","timestamp":"2025-05-09T22:58:18.002Z"}
{"level":"error","message":"Proxy error: Cannot read properties of undefined (reading 'userId')","service":"api-gateway","timestamp":"2025-05-09T23:03:02.512Z"}
{"level":"error","message":"Proxy error: Cannot read properties of undefined (reading 'startsWith')","service":"api-gateway","timestamp":"2025-05-11T11:53:08.255Z"}
{"level":"error","message":"Proxy error: ","service":"api-gateway","timestamp":"2025-05-11T11:54:56.822Z"}
{"level":"error","message":"Proxy error: ","service":"api-gateway","timestamp":"2025-05-11T11:56:30.004Z"}
{"level":"error","message":"Proxy error: ","service":"api-gateway","timestamp":"2025-05-11T11:56:32.471Z"}
{"level":"error","message":"Proxy error: ","service":"api-gateway","timestamp":"2025-05-11T11:56:59.871Z"}
{"level":"error","message":"Proxy error: ","service":"api-gateway","timestamp":"2025-05-11T11:57:02.649Z"}
{"level":"error","message":"Proxy error: Cannot read properties of undefined (reading 'startsWith')","service":"api-gateway","timestamp":"2025-05-11T11:57:38.741Z"}
{"level":"error","message":"Proxy error: ","service":"api-gateway","timestamp":"2025-05-11T11:59:50.852Z"}
{"level":"error","message":"Proxy error: ","service":"api-gateway","timestamp":"2025-05-11T12:00:49.004Z"}
{"level":"error","message":"Proxy error: ","service":"api-gateway","timestamp":"2025-05-11T12:00:52.823Z"}
{"level":"error","message":"Proxy error: ","service":"api-gateway","timestamp":"2025-05-11T12:01:17.288Z"}
{"level":"error","message":"Proxy error: ","service":"api-gateway","timestamp":"2025-05-11T12:01:20.292Z"}
{"level":"error","message":"Proxy error: ","service":"api-gateway","timestamp":"2025-05-11T12:01:22.531Z"}
{"level":"error","message":"Proxy error: ","service":"api-gateway","timestamp":"2025-05-11T12:04:18.391Z"}
{"level":"error","message":"Proxy error: ","service":"api-gateway","timestamp":"2025-05-11T12:04:25.129Z"}
{"level":"error","message":"Proxy error: ","service":"api-gateway","timestamp":"2025-05-11T12:05:01.314Z"}
{"level":"error","message":"Proxy error: Cannot read properties of undefined (reading 'startsWith')","service":"api-gateway","timestamp":"2025-05-11T12:05:42.336Z"}
{"level":"error","message":"Proxy error: Cannot read properties of undefined (reading 'startsWith')","service":"api-gateway","timestamp":"2025-05-11T12:05:51.127Z"}
{"level":"error","message":"Proxy error: Cannot read properties of undefined (reading 'startsWith')","service":"api-gateway","timestamp":"2025-05-11T12:05:57.376Z"}
{"level":"error","message":"Proxy error: Cannot read properties of undefined (reading 'startsWith')","service":"api-gateway","timestamp":"2025-05-11T14:55:01.711Z"}
{"level":"error","message":"Proxy error: ","service":"api-gateway","timestamp":"2025-05-11T14:55:24.349Z"}
{"level":"error","message":"Proxy error: Cannot read properties of undefined (reading 'userId')","service":"api-gateway","timestamp":"2025-05-11T14:56:20.056Z"}
{"level":"error","message":"Proxy error: ","service":"api-gateway","timestamp":"2025-05-11T16:12:03.411Z"}
{"level":"error","message":"Proxy error: ","service":"api-gateway","timestamp":"2025-05-11T16:13:30.113Z"}
{"level":"error","message":"Proxy error: ","service":"api-gateway","timestamp":"2025-05-11T16:14:17.194Z"}
{"level":"error","message":"Proxy error: Cannot read properties of undefined (reading 'startsWith')","service":"api-gateway","timestamp":"2025-05-13T13:25:54.311Z"}
{"level":"error","message":"Proxy error: Cannot read properties of undefined (reading 'startsWith')","service":"api-gateway","timestamp":"2025-05-13T13:26:32.122Z"}
{"level":"error","message":"Proxy error: Cannot read properties of undefined (reading 'startsWith')","service":"api-gateway","timestamp":"2025-05-13T13:27:27.792Z"}
{"level":"error","message":"Proxy error: Cannot read properties of undefined (reading 'startsWith')","service":"api-gateway","timestamp":"2025-05-13T13:28:11.578Z"}
{"level":"error","message":"Proxy error: Cannot read properties of undefined (reading 'startsWith')","service":"api-gateway","timestamp":"2025-05-13T13:28:14.275Z"}
{"level":"error","message":"Proxy error: Cannot read properties of undefined (reading 'startsWith')","service":"api-gateway","timestamp":"2025-05-13T13:29:10.407Z"}
{"level":"error","message":"Proxy error: Cannot read properties of undefined (reading 'startsWith')","service":"api-gateway","timestamp":"2025-05-13T13:30:34.919Z"}
{"level":"error","message":"Proxy error: ","service":"api-gateway","timestamp":"2025-05-18T13:29:48.740Z"}
