{"level":"info","message":"Media server connected on port 3003","service":"media-service","timestamp":"2025-05-07T22:18:57.185Z"}
{"level":"info","message":"Connected to database successfully..","service":"media-service","timestamp":"2025-05-07T22:19:27.696Z"}
{"level":"error","message":"DB Error [object Object]","service":"media-service","timestamp":"2025-05-07T22:19:27.699Z"}
{"level":"info","message":"Media server connected on port 3003","service":"media-service","timestamp":"2025-05-07T22:23:00.060Z"}
{"level":"info","message":"Connected to database successfully..","service":"media-service","timestamp":"2025-05-07T22:23:25.269Z"}
{"level":"error","message":"DB Error [object Object]","service":"media-service","timestamp":"2025-05-07T22:23:25.271Z"}
{"level":"info","message":"Media server connected on port 3003","service":"media-service","timestamp":"2025-05-07T22:24:05.625Z"}
{"level":"info","message":"Connected to database successfully..","service":"media-service","timestamp":"2025-05-07T22:24:19.977Z"}
{"level":"info","message":"Media server connected on port 3003","service":"media-service","timestamp":"2025-05-08T11:46:01.835Z"}
{"level":"info","message":"Connected to database successfully..","service":"media-service","timestamp":"2025-05-08T11:46:41.613Z"}
{"level":"info","message":"Media server connected on port 3003","service":"media-service","timestamp":"2025-05-08T17:27:41.992Z"}
{"level":"info","message":"Media server connected on port 3003","service":"media-service","timestamp":"2025-05-08T17:27:46.494Z"}
{"level":"info","message":"Media server connected on port 3003","service":"media-service","timestamp":"2025-05-08T17:28:08.221Z"}
{"level":"info","message":"Connected to database successfully..","service":"media-service","timestamp":"2025-05-08T17:28:27.499Z"}
{"level":"info","message":"Received POST request to /api/upload/media","service":"media-service","timestamp":"2025-05-09T12:04:45.245Z"}
{"level":"info","message":"Request body undefined","service":"media-service","timestamp":"2025-05-09T12:04:45.249Z"}
{"level":"error","message":"Unknown error occured, Error: Multipart: Boundary not found","service":"media-service","timestamp":"2025-05-09T12:04:45.282Z"}
{"level":"info","message":"Received POST request to /api/upload/media","service":"media-service","timestamp":"2025-05-09T12:08:07.293Z"}
{"level":"info","message":"Request body undefined","service":"media-service","timestamp":"2025-05-09T12:08:07.309Z"}
{"level":"error","message":"Unknown error occured, Error: Multipart: Boundary not found","service":"media-service","timestamp":"2025-05-09T12:08:07.340Z"}
{"level":"info","message":"Received POST request to /api/upload/media","service":"media-service","timestamp":"2025-05-09T12:08:51.090Z"}
{"level":"info","message":"Request body undefined","service":"media-service","timestamp":"2025-05-09T12:08:51.095Z"}
{"level":"error","message":"Unknown error occured, Error: Multipart: Boundary not found","service":"media-service","timestamp":"2025-05-09T12:08:51.101Z"}
{"level":"info","message":"Received POST request to /api/upload/media","service":"media-service","timestamp":"2025-05-09T12:10:01.087Z"}
{"level":"info","message":"Request body undefined","service":"media-service","timestamp":"2025-05-09T12:10:01.088Z"}
{"level":"error","message":"Unknown error occured, Error: Multipart: Boundary not found","service":"media-service","timestamp":"2025-05-09T12:10:01.094Z"}
{"level":"info","message":"Received POST request to /api/upload/media","service":"media-service","timestamp":"2025-05-09T12:12:03.420Z"}
{"level":"info","message":"Request body undefined","service":"media-service","timestamp":"2025-05-09T12:12:03.421Z"}
{"level":"error","message":"Unknown error occured, Error: Multipart: Boundary not found","service":"media-service","timestamp":"2025-05-09T12:12:03.427Z"}
{"level":"info","message":"Received POST request to /api/upload/media","service":"media-service","timestamp":"2025-05-09T12:12:23.827Z"}
{"level":"info","message":"Request body undefined","service":"media-service","timestamp":"2025-05-09T12:12:23.828Z"}
{"level":"error","message":"Unknown error occured, Error: Multipart: Boundary not found","service":"media-service","timestamp":"2025-05-09T12:12:23.833Z"}
{"level":"info","message":"Received POST request to /api/upload/media","service":"media-service","timestamp":"2025-05-09T12:15:48.982Z"}
{"level":"info","message":"Request body undefined","service":"media-service","timestamp":"2025-05-09T12:15:48.982Z"}
{"level":"error","message":"Unknown error occured, Error: Multipart: Boundary not found","service":"media-service","timestamp":"2025-05-09T12:15:48.988Z"}
{"level":"info","message":"Received POST request to /api/upload/media","service":"media-service","timestamp":"2025-05-09T12:17:11.653Z"}
{"level":"info","message":"Request body undefined","service":"media-service","timestamp":"2025-05-09T12:17:11.660Z"}
{"level":"error","message":"Unknown error occured, Error: Multipart: Boundary not found","service":"media-service","timestamp":"2025-05-09T12:17:11.678Z"}
{"level":"info","message":"Received POST request to /api/upload/media","service":"media-service","timestamp":"2025-05-09T12:20:01.730Z"}
{"level":"info","message":"Request body undefined","service":"media-service","timestamp":"2025-05-09T12:20:01.732Z"}
{"level":"error","message":"Unknown error occured, Error: Multipart: Boundary not found","service":"media-service","timestamp":"2025-05-09T12:20:01.761Z"}
{"level":"info","message":"Received POST request to /api/upload/media","service":"media-service","timestamp":"2025-05-09T12:20:08.443Z"}
{"level":"info","message":"Request body undefined","service":"media-service","timestamp":"2025-05-09T12:20:08.445Z"}
{"level":"error","message":"Unknown error occured, Error: Multipart: Boundary not found","service":"media-service","timestamp":"2025-05-09T12:20:08.452Z"}
{"level":"info","message":"Received POST request to /api/upload/media","service":"media-service","timestamp":"2025-05-09T12:22:35.066Z"}
{"level":"info","message":"Request body undefined","service":"media-service","timestamp":"2025-05-09T12:22:35.066Z"}
{"level":"error","message":"Unknown error occured, Error: Multipart: Boundary not found","service":"media-service","timestamp":"2025-05-09T12:22:35.075Z"}
{"level":"info","message":"Received POST request to /api/upload/media","service":"media-service","timestamp":"2025-05-09T12:22:48.654Z"}
{"level":"info","message":"Request body undefined","service":"media-service","timestamp":"2025-05-09T12:22:48.656Z"}
{"level":"error","message":"Unknown error occured, Error: Multipart: Boundary not found","service":"media-service","timestamp":"2025-05-09T12:22:48.664Z"}
{"level":"info","message":"Received POST request to /api/upload/media","service":"media-service","timestamp":"2025-05-09T12:22:51.100Z"}
{"level":"info","message":"Request body undefined","service":"media-service","timestamp":"2025-05-09T12:22:51.103Z"}
{"level":"error","message":"Unknown error occured, Error: Multipart: Boundary not found","service":"media-service","timestamp":"2025-05-09T12:22:51.113Z"}
{"level":"info","message":"Received POST request to /api/upload/media","service":"media-service","timestamp":"2025-05-09T12:25:51.887Z"}
{"level":"info","message":"Request body undefined","service":"media-service","timestamp":"2025-05-09T12:25:51.888Z"}
{"level":"error","message":"Unknown error occured, Error: Multipart: Boundary not found","service":"media-service","timestamp":"2025-05-09T12:25:51.891Z"}
{"level":"info","message":"Received POST request to /api/upload/media","service":"media-service","timestamp":"2025-05-09T12:26:04.727Z"}
{"level":"info","message":"Request body undefined","service":"media-service","timestamp":"2025-05-09T12:26:04.729Z"}
{"level":"error","message":"Unknown error occured, Error: Multipart: Boundary not found","service":"media-service","timestamp":"2025-05-09T12:26:04.741Z"}
{"level":"info","message":"Received POST request to /api/upload/media","service":"media-service","timestamp":"2025-05-09T12:27:24.907Z"}
{"level":"info","message":"Request body undefined","service":"media-service","timestamp":"2025-05-09T12:27:24.910Z"}
{"level":"error","message":"Unknown error occured, Error: Multipart: Boundary not found","service":"media-service","timestamp":"2025-05-09T12:27:24.914Z"}
{"level":"info","message":"Received POST request to /api/upload/media","service":"media-service","timestamp":"2025-05-09T12:28:44.321Z"}
{"level":"info","message":"Request body undefined","service":"media-service","timestamp":"2025-05-09T12:28:44.322Z"}
{"level":"error","message":"Multer error, MulterError: Unexpected field","service":"media-service","timestamp":"2025-05-09T12:28:44.374Z"}
{"level":"info","message":"Received POST request to /api/upload/media","service":"media-service","timestamp":"2025-05-09T12:29:58.871Z"}
{"level":"info","message":"Request body undefined","service":"media-service","timestamp":"2025-05-09T12:29:58.877Z"}
{"level":"error","message":"Unknown error occured, Error: Multipart: Boundary not found","service":"media-service","timestamp":"2025-05-09T12:29:58.882Z"}
{"level":"info","message":"Received POST request to /api/upload/media","service":"media-service","timestamp":"2025-05-09T12:34:45.152Z"}
{"level":"info","message":"Request body undefined","service":"media-service","timestamp":"2025-05-09T12:34:45.152Z"}
{"level":"error","message":"Unknown error occured, Error: Multipart: Boundary not found","service":"media-service","timestamp":"2025-05-09T12:34:45.164Z"}
{"level":"info","message":"Received POST request to /api/upload/media","service":"media-service","timestamp":"2025-05-09T12:34:56.453Z"}
{"level":"info","message":"Request body undefined","service":"media-service","timestamp":"2025-05-09T12:34:56.457Z"}
{"level":"error","message":"Unknown error occured, Error: Multipart: Boundary not found","service":"media-service","timestamp":"2025-05-09T12:34:56.460Z"}
{"level":"info","message":"Received POST request to /api/upload/media","service":"media-service","timestamp":"2025-05-09T12:35:59.492Z"}
{"level":"info","message":"Request body undefined","service":"media-service","timestamp":"2025-05-09T12:35:59.495Z"}
{"level":"error","message":"Unknown error occured, Error: Multipart: Boundary not found","service":"media-service","timestamp":"2025-05-09T12:35:59.499Z"}
{"level":"info","message":"Received POST request to /api/upload/media","service":"media-service","timestamp":"2025-05-09T12:36:08.069Z"}
{"level":"info","message":"Request body undefined","service":"media-service","timestamp":"2025-05-09T12:36:08.073Z"}
{"level":"error","message":"Unknown error occured, Error: Multipart: Boundary not found","service":"media-service","timestamp":"2025-05-09T12:36:08.076Z"}
{"level":"info","message":"Received POST request to /api/upload/media","service":"media-service","timestamp":"2025-05-09T12:37:33.875Z"}
{"level":"info","message":"Request body undefined","service":"media-service","timestamp":"2025-05-09T12:37:33.885Z"}
{"level":"error","message":"Unknown error occured, Error: Multipart: Boundary not found","service":"media-service","timestamp":"2025-05-09T12:37:33.894Z"}
{"level":"info","message":"Received POST request to /api/upload/media","service":"media-service","timestamp":"2025-05-09T15:45:02.147Z"}
{"level":"info","message":"Request body undefined","service":"media-service","timestamp":"2025-05-09T15:45:02.149Z"}
{"level":"error","message":"Unknown error occured, Error: Multipart: Boundary not found","service":"media-service","timestamp":"2025-05-09T15:45:02.162Z"}
{"level":"info","message":"Media server connected on port 3003","service":"media-service","timestamp":"2025-05-09T15:53:05.450Z"}
{"level":"info","message":"Received POST request to /api/upload/media","service":"media-service","timestamp":"2025-05-09T15:53:08.816Z"}
{"level":"info","message":"Request body undefined","service":"media-service","timestamp":"2025-05-09T15:53:08.820Z"}
{"level":"error","message":"Unknown error occured, Error: Multipart: Boundary not found","service":"media-service","timestamp":"2025-05-09T15:53:08.830Z"}
{"level":"info","message":"Connected to database successfully..","service":"media-service","timestamp":"2025-05-09T15:53:12.892Z"}
{"level":"info","message":"Received POST request to /api/upload/media","service":"media-service","timestamp":"2025-05-09T15:53:13.267Z"}
{"level":"info","message":"Request body undefined","service":"media-service","timestamp":"2025-05-09T15:53:13.277Z"}
{"level":"error","message":"Unknown error occured, Error: Multipart: Boundary not found","service":"media-service","timestamp":"2025-05-09T15:53:13.281Z"}
{"level":"info","message":"Media server connected on port 3003","service":"media-service","timestamp":"2025-05-09T15:53:34.493Z"}
{"level":"info","message":"Media server connected on port 3003","service":"media-service","timestamp":"2025-05-09T15:53:52.493Z"}
{"level":"info","message":"Received POST request to /api/upload/media","service":"media-service","timestamp":"2025-05-09T15:53:55.493Z"}
{"level":"info","message":"Request body undefined","service":"media-service","timestamp":"2025-05-09T15:53:55.494Z"}
{"level":"error","message":"Unknown error occured, Error: Multipart: Boundary not found","service":"media-service","timestamp":"2025-05-09T15:53:55.509Z"}
{"level":"info","message":"Connected to database successfully..","service":"media-service","timestamp":"2025-05-09T15:54:02.123Z"}
{"level":"info","message":"Received POST request to /api/upload/media","service":"media-service","timestamp":"2025-05-09T15:54:03.623Z"}
{"level":"info","message":"Request body undefined","service":"media-service","timestamp":"2025-05-09T15:54:03.625Z"}
{"level":"error","message":"Unknown error occured, Error: Multipart: Boundary not found","service":"media-service","timestamp":"2025-05-09T15:54:03.641Z"}
