{"level":"error","message":"DB Error [object Object]","service":"media-service","timestamp":"2025-05-07T22:19:27.699Z"}
{"level":"error","message":"DB Error [object Object]","service":"media-service","timestamp":"2025-05-07T22:23:25.271Z"}
{"level":"error","message":"Unknown error occured, Error: Multipart: Boundary not found","service":"media-service","timestamp":"2025-05-09T12:04:45.282Z"}
{"level":"error","message":"Unknown error occured, Error: Multipart: Boundary not found","service":"media-service","timestamp":"2025-05-09T12:08:07.340Z"}
{"level":"error","message":"Unknown error occured, Error: Multipart: Boundary not found","service":"media-service","timestamp":"2025-05-09T12:08:51.101Z"}
{"level":"error","message":"Unknown error occured, Error: Multipart: Boundary not found","service":"media-service","timestamp":"2025-05-09T12:10:01.094Z"}
{"level":"error","message":"Unknown error occured, Error: Multipart: Boundary not found","service":"media-service","timestamp":"2025-05-09T12:12:03.427Z"}
{"level":"error","message":"Unknown error occured, Error: Multipart: Boundary not found","service":"media-service","timestamp":"2025-05-09T12:12:23.833Z"}
{"level":"error","message":"Unknown error occured, Error: Multipart: Boundary not found","service":"media-service","timestamp":"2025-05-09T12:15:48.988Z"}
{"level":"error","message":"Unknown error occured, Error: Multipart: Boundary not found","service":"media-service","timestamp":"2025-05-09T12:17:11.678Z"}
{"level":"error","message":"Unknown error occured, Error: Multipart: Boundary not found","service":"media-service","timestamp":"2025-05-09T12:20:01.761Z"}
{"level":"error","message":"Unknown error occured, Error: Multipart: Boundary not found","service":"media-service","timestamp":"2025-05-09T12:20:08.452Z"}
{"level":"error","message":"Unknown error occured, Error: Multipart: Boundary not found","service":"media-service","timestamp":"2025-05-09T12:22:35.075Z"}
{"level":"error","message":"Unknown error occured, Error: Multipart: Boundary not found","service":"media-service","timestamp":"2025-05-09T12:22:48.664Z"}
{"level":"error","message":"Unknown error occured, Error: Multipart: Boundary not found","service":"media-service","timestamp":"2025-05-09T12:22:51.113Z"}
{"level":"error","message":"Unknown error occured, Error: Multipart: Boundary not found","service":"media-service","timestamp":"2025-05-09T12:25:51.891Z"}
{"level":"error","message":"Unknown error occured, Error: Multipart: Boundary not found","service":"media-service","timestamp":"2025-05-09T12:26:04.741Z"}
{"level":"error","message":"Unknown error occured, Error: Multipart: Boundary not found","service":"media-service","timestamp":"2025-05-09T12:27:24.914Z"}
{"level":"error","message":"Multer error, MulterError: Unexpected field","service":"media-service","timestamp":"2025-05-09T12:28:44.374Z"}
{"level":"error","message":"Unknown error occured, Error: Multipart: Boundary not found","service":"media-service","timestamp":"2025-05-09T12:29:58.882Z"}
{"level":"error","message":"Unknown error occured, Error: Multipart: Boundary not found","service":"media-service","timestamp":"2025-05-09T12:34:45.164Z"}
{"level":"error","message":"Unknown error occured, Error: Multipart: Boundary not found","service":"media-service","timestamp":"2025-05-09T12:34:56.460Z"}
{"level":"error","message":"Unknown error occured, Error: Multipart: Boundary not found","service":"media-service","timestamp":"2025-05-09T12:35:59.499Z"}
{"level":"error","message":"Unknown error occured, Error: Multipart: Boundary not found","service":"media-service","timestamp":"2025-05-09T12:36:08.076Z"}
{"level":"error","message":"Unknown error occured, Error: Multipart: Boundary not found","service":"media-service","timestamp":"2025-05-09T12:37:33.894Z"}
{"level":"error","message":"Unknown error occured, Error: Multipart: Boundary not found","service":"media-service","timestamp":"2025-05-09T15:45:02.162Z"}
{"level":"error","message":"Unknown error occured, Error: Multipart: Boundary not found","service":"media-service","timestamp":"2025-05-09T15:53:08.830Z"}
{"level":"error","message":"Unknown error occured, Error: Multipart: Boundary not found","service":"media-service","timestamp":"2025-05-09T15:53:13.281Z"}
{"level":"error","message":"Unknown error occured, Error: Multipart: Boundary not found","service":"media-service","timestamp":"2025-05-09T15:53:55.509Z"}
{"level":"error","message":"Unknown error occured, Error: Multipart: Boundary not found","service":"media-service","timestamp":"2025-05-09T15:54:03.641Z"}
{"level":"error","message":"Unknown error occured, Error: Multipart: Boundary not found","service":"media-service","timestamp":"2025-05-09T15:54:34.862Z"}
{"level":"error","message":"Unknown error occured, Error: Multipart: Boundary not found","service":"media-service","timestamp":"2025-05-09T21:41:50.885Z"}
{"level":"error","message":"DB Error MongooseServerSelectionError: Server selection timed out after 30000 ms","service":"media-service","timestamp":"2025-05-09T21:49:12.801Z"}
{"level":"error","message":"DB Error MongooseServerSelectionError: Server selection timed out after 30000 ms","service":"media-service","timestamp":"2025-05-09T22:17:54.903Z"}
{"level":"error","message":"Error: Multipart: Boundary not found\n    at new Multipart (D:\\SOCIAL-MEDIA-MICROSERVICES\\media-service\\node_modules\\busboy\\lib\\types\\multipart.js:233:13)\n    at getInstance (D:\\SOCIAL-MEDIA-MICROSERVICES\\media-service\\node_modules\\busboy\\lib\\index.js:33:12)\n    at module.exports (D:\\SOCIAL-MEDIA-MICROSERVICES\\media-service\\node_modules\\busboy\\lib\\index.js:56:10)\n    at multerMiddleware (D:\\SOCIAL-MEDIA-MICROSERVICES\\media-service\\node_modules\\multer\\lib\\make-middleware.js:28:16)\n    at Layer.handleRequest (D:\\SOCIAL-MEDIA-MICROSERVICES\\media-service\\node_modules\\router\\lib\\layer.js:152:17)\n    at next (D:\\SOCIAL-MEDIA-MICROSERVICES\\media-service\\node_modules\\router\\lib\\route.js:157:13)\n    at authenticateRequest (D:\\SOCIAL-MEDIA-MICROSERVICES\\media-service\\src\\middleware\\authMiddleware.js:16:5)\n    at Layer.handleRequest (D:\\SOCIAL-MEDIA-MICROSERVICES\\media-service\\node_modules\\router\\lib\\layer.js:152:17)\n    at next (D:\\SOCIAL-MEDIA-MICROSERVICES\\media-service\\node_modules\\router\\lib\\route.js:157:13)\n    at Route.dispatch (D:\\SOCIAL-MEDIA-MICROSERVICES\\media-service\\node_modules\\router\\lib\\route.js:117:3)","service":"media-service","timestamp":"2025-05-09T22:43:41.752Z"}
{"level":"error","message":"Unknown error occured, Error: Multipart: Boundary not found","service":"media-service","timestamp":"2025-05-09T22:52:25.539Z"}
{"level":"error","message":"Unknown error occured, Error: Multipart: Boundary not found","service":"media-service","timestamp":"2025-05-09T22:53:33.735Z"}
{"level":"error","message":"Unknown error occured, Error: Multipart: Boundary not found","service":"media-service","timestamp":"2025-05-09T22:59:43.335Z"}
{"level":"error","message":"Unknown error occured, Error: Multipart: Boundary not found","service":"media-service","timestamp":"2025-05-09T23:03:39.205Z"}
{"level":"error","message":"Unknown error occured, Error: Multipart: Boundary not found","service":"media-service","timestamp":"2025-05-11T05:39:01.237Z"}
{"level":"error","message":"Unknown error occured, Error: Multipart: Boundary not found","service":"media-service","timestamp":"2025-05-11T05:49:15.501Z"}
{"level":"error","message":"Unknown error occured, Error: Multipart: Boundary not found","service":"media-service","timestamp":"2025-05-11T14:56:43.156Z"}
{"http_code":499,"level":"error","message":"Request Timeout","name":"TimeoutError","service":"media-service","timestamp":"2025-05-11T14:59:23.129Z"}
{"0":"r","1":"e","2":"a","3":"s","4":"o","5":"n","6":" ","7":":","error":{"http_code":499,"message":"Request Timeout","name":"TimeoutError"},"exception":{"error":{"http_code":499,"message":"Request Timeout","name":"TimeoutError"}},"level":"error","message":"Unhandled rejection at","service":"media-service","timestamp":"2025-05-11T14:59:23.131Z"}
{"level":"error","message":"Something went wrong: [object Object]","service":"media-service","timestamp":"2025-05-11T14:59:23.132Z"}
{"level":"error","message":"Something went wrong: ValidationError: originalName: Path `originalName` is required., mimeType: Path `mimeType` is required.","service":"media-service","timestamp":"2025-05-11T15:00:17.426Z"}
{"level":"error","message":"Something went wrong: ValidationError: originalName: Path `originalName` is required., mimeType: Path `mimeType` is required.","service":"media-service","timestamp":"2025-05-11T15:07:02.850Z"}
{"level":"error","message":"Something went wrong: ValidationError: originalName: Path `originalName` is required., mimeType: Path `mimeType` is required.","service":"media-service","timestamp":"2025-05-11T15:11:28.085Z"}
{"http_code":499,"level":"error","message":"Request Timeout","name":"TimeoutError","service":"media-service","timestamp":"2025-05-11T15:17:05.995Z"}
{"0":"r","1":"e","2":"a","3":"s","4":"o","5":"n","6":" ","7":":","error":{"http_code":499,"message":"Request Timeout","name":"TimeoutError"},"exception":{"error":{"http_code":499,"message":"Request Timeout","name":"TimeoutError"}},"level":"error","message":"Unhandled rejection at","service":"media-service","timestamp":"2025-05-11T15:17:05.997Z"}
{"level":"error","message":"Something went wrong: [object Object]","service":"media-service","timestamp":"2025-05-11T15:17:05.999Z"}
{"http_code":499,"level":"error","message":"Request Timeout","name":"TimeoutError","service":"media-service","timestamp":"2025-05-11T15:20:14.660Z"}
{"0":"r","1":"e","2":"a","3":"s","4":"o","5":"n","6":" ","7":":","error":{"http_code":499,"message":"Request Timeout","name":"TimeoutError"},"exception":{"error":{"http_code":499,"message":"Request Timeout","name":"TimeoutError"}},"level":"error","message":"Unhandled rejection at","service":"media-service","timestamp":"2025-05-11T15:20:14.662Z"}
{"level":"error","message":"Something went wrong: [object Object]","service":"media-service","timestamp":"2025-05-11T15:20:14.663Z"}
{"level":"error","message":"DB Error MongooseServerSelectionError: Server selection timed out after 30000 ms","service":"media-service","timestamp":"2025-05-11T15:32:26.693Z"}
